Arguments: 
  C:\Program Files\nodejs\node.exe C:\Users\RAFAEL\AppData\Roaming\npm\node_modules\yarn\bin\yarn.js init typescript

PATH: 
  C:\Windows\system32;C:\Windows;C:\Windows\System32\Wbem;C:\Windows\System32\WindowsPowerShell\v1.0\;C:\Windows\System32\OpenSSH\;C:\ProgramData\chocolatey\bin;C:\Program Files\nodejs\;C:\Program Files\Git\cmd;C:\Program Files (x86)\Microsoft SQL Server\150\DTS\Binn\;C:\Program Files\Azure Data Studio\bin;C:\Program Files\Docker\Docker\resources\bin;C:\ProgramData\DockerDesktop\version-bin;C:\Users\RAFAEL\AppData\Local\Microsoft\WindowsApps;C:\Users\RAFAEL\AppData\Local\Programs\Microsoft VS Code\bin;C:\Users\RAFAEL\AppData\Roaming\npm;C:\Users\RAFAEL\AppData\Local\GitHubDesktop\bin;C:\ProgramData\RAFAEL\GitHubDesktop\bin;C:\Program Files\Azure Data Studio\bin

Yarn version: 
  1.22.10

Node version: 
  15.14.0

Platform: 
  win32 x64

Trace: 
  Error: canceled
      at Interface.<anonymous> (C:\Users\RAFAEL\AppData\Roaming\npm\node_modules\yarn\lib\cli.js:136216:13)
      at Interface.emit (node:events:369:20)
      at Interface._ttyWrite (node:readline:999:16)
      at ReadStream.onkeypress (node:readline:267:10)
      at ReadStream.emit (node:events:369:20)
      at emitKeys (node:internal/readline/utils:358:14)
      at emitKeys.next (<anonymous>)
      at ReadStream.onData (node:readline:1268:36)
      at ReadStream.emit (node:events:369:20)
      at addChunk (node:internal/streams/readable:313:12)

npm manifest: 
  {
    "name": "contact-book",
    "version": "1.0.0",
    "main": "index.js",
    "author": "racmProgrammer <51178311+racmProgrammer@users.noreply.github.com>",
    "license": "MIT",
    "devDependencies": {
      "@types/typescript": "^2.0.0",
      "typescript": "^4.3.5"
    }
  }

yarn manifest: 
  No manifest

Lockfile: 
  # THIS IS AN AUTOGENERATED FILE. DO NOT EDIT THIS FILE DIRECTLY.
  # yarn lockfile v1
  
  
  "@types/typescript@^2.0.0":
    version "2.0.0"
    resolved "https://registry.yarnpkg.com/@types/typescript/-/typescript-2.0.0.tgz#c433539c98bae28682b307eaa7a0fd2115b83c28"
    integrity sha1-xDNTnJi64oaCswfqp6D9IRW4PCg=
    dependencies:
      typescript "*"
  
  typescript@*, typescript@^4.3.5:
    version "4.3.5"
    resolved "https://registry.yarnpkg.com/typescript/-/typescript-4.3.5.tgz#4d1c37cc16e893973c45a06886b7113234f119f4"
    integrity sha512-DqQgihaQ9cUrskJo9kIyW/+g0Vxsk8cDtZ52a3NGh0YNTfpUSArXSohyUGnvbPazEPLu398C0UxmKSOrPumUzA==
